0 info it worked if it ends with ok
1 verbose cli [ 'C:\\Program Files\\nodejs\\node.exe',
1 verbose cli   'C:\\Program Files\\nodejs\\node_modules\\npm\\bin\\npm-cli.js',
1 verbose cli   'start' ]
2 info using npm@3.10.10
3 info using node@v6.9.4
4 verbose run-script [ 'prestart', 'start', 'poststart' ]
5 info lifecycle mayan-api@0.0.0~prestart: mayan-api@0.0.0
6 silly lifecycle mayan-api@0.0.0~prestart: no script for prestart, continuing
7 info lifecycle mayan-api@0.0.0~start: mayan-api@0.0.0
8 verbose lifecycle mayan-api@0.0.0~start: unsafe-perm in lifecycle true
9 verbose lifecycle mayan-api@0.0.0~start: PATH: C:\Program Files\nodejs\node_modules\npm\bin\node-gyp-bin;C:\Users\USER 1\MayanDash\mayan-api\node_modules\.bin;C:\Program Files (x86)\ActiveState Komodo Edit 10\;C:\Users\USER 1\Java\jre1.8.0_111;C:\WINDOWS\system32;C:\WINDOWS;C:\WINDOWS\System32\Wbem;C:\WINDOWS\System32\WindowsPowerShell\v1.0\;C:\Program Files\Microsoft SQL Server\130\Tools\Binn\;C:\Program Files\Git\cmd;C:\Program Files (x86)\ATI Technologies\ATI.ACE\Core-Static;C:\Users\USER 1\bin;C:Users\User1\apache-maven-3.3.9\bin;C:\Users\USER 1\Scala\bin;C:\Program Files (x86)\sbt\bin;C:\spark-2.0.2-bin-hadoop2.7;C:\Program Files\dotnet\;C:\Program Files\Microsoft SQL Server\120\Tools\Binn\;C:\Program Files\nodejs\;C:\Users\USER 1\AppData\Local\Continuum\Anaconda;C:\Users\USER 1\AppData\Local\Continuum\Anaconda\Scripts;C:\Users\USER 1\AppData\Local\Continuum\Anaconda\Library\bin;C:\Users\USER 1\AppData\Local\Continuum\Anaconda2;C:\Users\USER 1\AppData\Local\Continuum\Anaconda2\Scripts;C:\Users\USER 1\AppData\Local\Continuum\Anaconda2\Library\bin;C:\Users\USER 1\AppData\Local\Microsoft\WindowsApps;C:\Program Files (x86)\DTN\IQFeed;C:\Users\USER 1\apache-maven-3.3.9\bin;C:\Users\USER 1\AppData\Roaming\npm;C:\Program Files\Heroku\bin
10 verbose lifecycle mayan-api@0.0.0~start: CWD: C:\Users\USER 1\MayanDash\mayan-api
11 silly lifecycle mayan-api@0.0.0~start: Args: [ '/d /s /c', 'nodemon testapp.js' ]
12 silly lifecycle mayan-api@0.0.0~start: Returned: code: 3221225786  signal: null
13 info lifecycle mayan-api@0.0.0~start: Failed to exec start script
14 verbose stack Error: mayan-api@0.0.0 start: `nodemon testapp.js`
14 verbose stack Exit status 3221225786
14 verbose stack     at EventEmitter.<anonymous> (C:\Program Files\nodejs\node_modules\npm\lib\utils\lifecycle.js:255:16)
14 verbose stack     at emitTwo (events.js:106:13)
14 verbose stack     at EventEmitter.emit (events.js:191:7)
14 verbose stack     at ChildProcess.<anonymous> (C:\Program Files\nodejs\node_modules\npm\lib\utils\spawn.js:40:14)
14 verbose stack     at emitTwo (events.js:106:13)
14 verbose stack     at ChildProcess.emit (events.js:191:7)
14 verbose stack     at maybeClose (internal/child_process.js:877:16)
14 verbose stack     at Process.ChildProcess._handle.onexit (internal/child_process.js:226:5)
15 verbose pkgid mayan-api@0.0.0
16 verbose cwd C:\Users\USER 1\MayanDash\mayan-api
17 error Windows_NT 10.0.14393
18 error argv "C:\\Program Files\\nodejs\\node.exe" "C:\\Program Files\\nodejs\\node_modules\\npm\\bin\\npm-cli.js" "start"
19 error node v6.9.4
20 error npm  v3.10.10
21 error code ELIFECYCLE
22 error mayan-api@0.0.0 start: `nodemon testapp.js`
22 error Exit status 3221225786
23 error Failed at the mayan-api@0.0.0 start script 'nodemon testapp.js'.
23 error Make sure you have the latest version of node.js and npm installed.
23 error If you do, this is most likely a problem with the mayan-api package,
23 error not with npm itself.
23 error Tell the author that this fails on your system:
23 error     nodemon testapp.js
23 error You can get information on how to open an issue for this project with:
23 error     npm bugs mayan-api
23 error Or if that isn't available, you can get their info via:
23 error     npm owner ls mayan-api
23 error There is likely additional logging output above.
24 verbose exit [ 1, true ]
